{"level":"info","message":"Listening on port 3000...","timestamp":"2018-11-22T04:18:28.716Z"}
{"level":"info","message":"Connected to mongodb://localhost/movies_shows...","timestamp":"2018-11-22T04:18:29.798Z"}
{"level":"info","message":"Listening on port 3000...","timestamp":"2018-11-22T04:22:15.508Z"}
{"level":"info","message":"Connected to mongodb://localhost/movies_shows...","timestamp":"2018-11-22T04:22:16.583Z"}
{"level":"info","message":"Listening on port 3000...","timestamp":"2018-11-22T04:31:33.649Z"}
{"level":"info","message":"Connected to mongodb://localhost/movies_shows...","timestamp":"2018-11-22T04:31:34.713Z"}
{"level":"info","message":"Listening on port 3000...","timestamp":"2018-11-22T04:43:46.327Z"}
{"level":"info","message":"Connected to mongodb://localhost/movies_shows...","timestamp":"2018-11-22T04:43:47.386Z"}
{"level":"info","message":"Listening on port 3000...","timestamp":"2018-11-22T04:50:03.173Z"}
{"level":"info","message":"Connected to mongodb://localhost/movies_shows...","timestamp":"2018-11-22T04:50:04.286Z"}
{"level":"info","message":"Listening on port 3000...","timestamp":"2018-11-22T04:51:51.023Z"}
{"level":"info","message":"Connected to mongodb://localhost/movies_shows...","timestamp":"2018-11-22T04:51:52.115Z"}
{"message":"res is not defined","stack":"ReferenceError: res is not defined\n    at exists (C:\\Users\\megan\\documents\\rest_api\\routes\\shows.js:54:27)\n    at router.get (C:\\Users\\megan\\documents\\rest_api\\routes\\shows.js:28:5)\n    at process._tickCallback (internal/process/next_tick.js:68:7)","level":"error","timestamp":"2018-11-22T04:52:49.683Z"}
{"level":"info","message":"Listening on port 3000...","timestamp":"2018-11-22T04:54:50.430Z"}
{"level":"info","message":"Connected to mongodb://localhost/movies_shows...","timestamp":"2018-11-22T04:54:51.497Z"}
{"level":"info","message":"Listening on port 3000...","timestamp":"2018-11-22T04:54:56.089Z"}
{"level":"info","message":"Connected to mongodb://localhost/movies_shows...","timestamp":"2018-11-22T04:54:57.146Z"}
{"level":"info","message":"Listening on port 3000...","timestamp":"2018-11-22T04:55:38.981Z"}
{"level":"info","message":"Connected to mongodb://localhost/movies_shows...","timestamp":"2018-11-22T04:55:40.056Z"}
{"level":"info","message":"Listening on port 3000...","timestamp":"2018-11-22T05:28:03.741Z"}
{"level":"info","message":"Listening on port 3000...","timestamp":"2018-11-22T05:28:06.913Z"}
{"level":"info","message":"Connected to mongodb://localhost/movies_shows...","timestamp":"2018-11-22T05:28:07.975Z"}
{"level":"info","message":"Listening on port 3000...","timestamp":"2018-11-22T05:41:10.260Z"}
{"level":"info","message":"Connected to mongodb://localhost/movies_shows...","timestamp":"2018-11-22T05:41:11.428Z"}
{"message":"Cannot set headers after they are sent to the client","stack":"Error [ERR_HTTP_HEADERS_SENT]: Cannot set headers after they are sent to the client\n    at ServerResponse.setHeader (_http_outgoing.js:470:11)\n    at ServerResponse.header (C:\\Users\\megan\\documents\\rest_api\\node_modules\\express\\lib\\response.js:767:10)\n    at ServerResponse.send (C:\\Users\\megan\\documents\\rest_api\\node_modules\\express\\lib\\response.js:170:12)\n    at router.delete (C:\\Users\\megan\\documents\\rest_api\\routes\\movies.js:52:34)\n    at process._tickCallback (internal/process/next_tick.js:68:7)","level":"error","timestamp":"2018-11-22T05:42:15.307Z"}
{"level":"info","message":"Listening on port 3000...","timestamp":"2018-11-22T05:45:58.745Z"}
{"level":"info","message":"Connected to mongodb://localhost/movies_shows...","timestamp":"2018-11-22T05:45:59.868Z"}
{"level":"info","message":"Listening on port 3000...","timestamp":"2018-11-22T07:06:10.718Z"}
{"level":"info","message":"Connected to mongodb://localhost/movies_shows...","timestamp":"2018-11-22T07:06:11.786Z"}
{"level":"info","message":"Listening on port 3000...","timestamp":"2018-11-22T07:13:15.249Z"}
{"level":"info","message":"Connected to mongodb://localhost/movies_shows...","timestamp":"2018-11-22T07:13:16.310Z"}
{"level":"info","message":"Listening on port 3000...","timestamp":"2018-11-22T07:21:22.837Z"}
{"level":"info","message":"Connected to mongodb://localhost/movies_shows...","timestamp":"2018-11-22T07:21:23.892Z"}
{"level":"info","message":"Listening on port 3000...","timestamp":"2018-11-22T07:28:19.780Z"}
{"level":"info","message":"Connected to mongodb://localhost/movies_shows...","timestamp":"2018-11-22T07:28:20.840Z"}
{"message":"Cast to number failed for value \"prometheus 2001\" at path \"year\" for model \"Movie\"","stack":"CastError: Cast to number failed for value \"prometheus 2001\" at path \"year\" for model \"Movie\"\n    at new CastError (C:\\Users\\megan\\documents\\rest_api\\node_modules\\mongoose\\lib\\error\\cast.js:27:11)\n    at SchemaNumber.cast (C:\\Users\\megan\\documents\\rest_api\\node_modules\\mongoose\\lib\\schema\\number.js:231:9)\n    at SchemaNumber.SchemaType.applySetters (C:\\Users\\megan\\documents\\rest_api\\node_modules\\mongoose\\lib\\schematype.js:701:12)\n    at SchemaNumber.SchemaType._castForQuery (C:\\Users\\megan\\documents\\rest_api\\node_modules\\mongoose\\lib\\schematype.js:1072:15)\n    at SchemaNumber.castForQuery (C:\\Users\\megan\\documents\\rest_api\\node_modules\\mongoose\\lib\\schema\\number.js:282:14)\n    at SchemaNumber.SchemaType.castForQueryWrapper (C:\\Users\\megan\\documents\\rest_api\\node_modules\\mongoose\\lib\\schematype.js:1041:15)\n    at cast (C:\\Users\\megan\\documents\\rest_api\\node_modules\\mongoose\\lib\\cast.js:269:32)\n    at model.Query.Query.cast (C:\\Users\\megan\\documents\\rest_api\\node_modules\\mongoose\\lib\\query.js:3133:12)\n    at model.Query.Query._castConditions (C:\\Users\\megan\\documents\\rest_api\\node_modules\\mongoose\\lib\\query.js:1269:10)\n    at model.Query.Query._find (C:\\Users\\megan\\documents\\rest_api\\node_modules\\mongoose\\lib\\query.js:1284:8)\n    at C:\\Users\\megan\\documents\\rest_api\\node_modules\\kareem\\index.js:276:8\n    at C:\\Users\\megan\\documents\\rest_api\\node_modules\\kareem\\index.js:23:7\n    at process._tickCallback (internal/process/next_tick.js:61:11)","name":"CastError","stringValue":"\"prometheus 2001\"","kind":"number","value":"prometheus 2001","path":"year","level":"error","timestamp":"2018-11-22T07:28:27.122Z"}
{"level":"info","message":"Listening on port 3000...","timestamp":"2018-11-22T07:29:12.686Z"}
{"level":"info","message":"Connected to mongodb://localhost/movies_shows...","timestamp":"2018-11-22T07:29:13.776Z"}
{"level":"info","message":"Listening on port 3000...","timestamp":"2018-11-22T07:29:51.353Z"}
{"level":"info","message":"Connected to mongodb://localhost/movies_shows...","timestamp":"2018-11-22T07:29:52.424Z"}
{"level":"info","message":"Listening on port 3000...","timestamp":"2018-11-22T07:42:10.156Z"}
{"level":"info","message":"Connected to mongodb://localhost/movies_shows...","timestamp":"2018-11-22T07:42:11.187Z"}
{"level":"info","message":"Listening on port 3000...","timestamp":"2018-11-22T07:50:43.439Z"}
{"level":"info","message":"Connected to mongodb://localhost/movies_shows...","timestamp":"2018-11-22T07:50:44.496Z"}
{"level":"info","message":"Listening on port 3000...","timestamp":"2018-11-22T07:57:16.903Z"}
{"level":"info","message":"Connected to mongodb://localhost/movies_shows...","timestamp":"2018-11-22T07:57:18.008Z"}
{"level":"info","message":"Listening on port 3000...","timestamp":"2018-11-22T07:58:46.556Z"}
{"level":"info","message":"Connected to mongodb://localhost/movies_shows...","timestamp":"2018-11-22T07:58:47.614Z"}
{"message":"Cannot read property 'page' of undefined","stack":"TypeError: Cannot read property 'page' of undefined\n    at router.get (C:\\Users\\megan\\documents\\rest_api\\routes\\movies.js:10:27)\n    at newFn (C:\\Users\\megan\\documents\\rest_api\\node_modules\\express-async-errors\\index.js:16:20)\n    at Layer.handle [as handle_request] (C:\\Users\\megan\\documents\\rest_api\\node_modules\\express\\lib\\router\\layer.js:95:5)\n    at next (C:\\Users\\megan\\documents\\rest_api\\node_modules\\express\\lib\\router\\route.js:137:13)\n    at Route.dispatch (C:\\Users\\megan\\documents\\rest_api\\node_modules\\express\\lib\\router\\route.js:112:3)\n    at newFn (C:\\Users\\megan\\documents\\rest_api\\node_modules\\express-async-errors\\index.js:16:20)\n    at Layer.handle [as handle_request] (C:\\Users\\megan\\documents\\rest_api\\node_modules\\express\\lib\\router\\layer.js:95:5)\n    at C:\\Users\\megan\\documents\\rest_api\\node_modules\\express\\lib\\router\\index.js:281:22\n    at Function.process_params (C:\\Users\\megan\\documents\\rest_api\\node_modules\\express\\lib\\router\\index.js:335:12)\n    at next (C:\\Users\\megan\\documents\\rest_api\\node_modules\\express\\lib\\router\\index.js:275:10)\n    at Function.handle (C:\\Users\\megan\\documents\\rest_api\\node_modules\\express\\lib\\router\\index.js:174:3)\n    at router (C:\\Users\\megan\\documents\\rest_api\\node_modules\\express\\lib\\router\\index.js:47:12)\n    at newFn (C:\\Users\\megan\\documents\\rest_api\\node_modules\\express-async-errors\\index.js:16:20)\n    at Layer.handle [as handle_request] (C:\\Users\\megan\\documents\\rest_api\\node_modules\\express\\lib\\router\\layer.js:95:5)\n    at trim_prefix (C:\\Users\\megan\\documents\\rest_api\\node_modules\\express\\lib\\router\\index.js:317:13)\n    at C:\\Users\\megan\\documents\\rest_api\\node_modules\\express\\lib\\router\\index.js:284:7","level":"error","timestamp":"2018-11-22T07:59:06.809Z"}
{"level":"info","message":"Listening on port 3000...","timestamp":"2018-11-22T08:08:26.843Z"}
{"level":"info","message":"Connected to mongodb://localhost/movies_shows...","timestamp":"2018-11-22T08:08:27.925Z"}
{"level":"info","message":"Listening on port 3000...","timestamp":"2018-11-22T08:29:30.796Z"}
{"level":"info","message":"Connected to mongodb://localhost/movies_shows...","timestamp":"2018-11-22T08:29:31.852Z"}
{"level":"info","message":"Listening on port 3000...","timestamp":"2018-11-22T08:29:46.881Z"}
{"level":"info","message":"Connected to mongodb://localhost/movies_shows...","timestamp":"2018-11-22T08:29:47.942Z"}
{"level":"info","message":"Listening on port 3000...","timestamp":"2018-11-22T08:29:53.658Z"}
{"level":"info","message":"Connected to mongodb://localhost/movies_shows...","timestamp":"2018-11-22T08:29:54.712Z"}
